free=15532294144,total=15640231936
directory has value testimage
Outputname is testimagetest.jpg
2268,4032testimage/orion_10.jpg
Maxidx8u status=0
Maximum pixel: x=886,y=3142
Am I here
mirror status=0
Convert8/32 status=0
Am I here 4
FINAL COUNTDOWN
testimage/orion_10.jpg
convert s/f status=0
iSum status=0
cudaerr=0
Filter status=0
Maxidx8u status=0
imagetotalcorrpos=1378,3367
am i here now
free=15165292544,total=15640231936
filename=testimage/orion_1.jpg
convert s/f status=0
iSum status=0
cudaerr=0
Filter status=0
Maxidx8u status=0
totalwidth=2268,4032
diff=-376,-225
Am I now
outboundupper x=2644,y=4257
outboundlower x=376,y=225
newsize=2644,4257
newimage width=2644, height=4257
offsetposition=0,0
eresult=0
newimage width=2644, height=4257
offsetposition=0,0
eresult=0
newimage width=2644, height=4257
offsetposition=0,0
eresult=0
newimage width=2644, height=4257
offsetposition=0,0
eresult=0
newimage width=2644, height=4257
offsetposition=0,0
eresult=0
anothergo0
test
Last test bis
test
2644,4257
filename=testimage/orion_1.jpg
filename=testimage/orion_10.jpg
convert s/f status=0
iSum status=0
cudaerr=0
Filter status=0
Maxidx8u status=0
totalwidth=2644,4257
diff=1,1
Am I now
outboundupper x=2267,y=4031
outboundlower x=-1,y=-1
newsize=2645,4258
newimage width=2645, height=4258
offsetposition=1,1
eresult=0
newimage width=2645, height=4258
offsetposition=1,1
eresult=0
newimage width=2645, height=4258
offsetposition=1,1
eresult=0
newimage width=2645, height=4258
offsetposition=1,1
eresult=0
newimage width=2645, height=4258
offsetposition=1,1
eresult=0
anothergo0
test
Last test bis
test
2645,4258
filename=testimage/orion_10.jpg
filename=testimage/orion_11.jpg
convert s/f status=0
iSum status=0
cudaerr=0
Filter status=0
Maxidx8u status=0
totalwidth=2645,4258
diff=38,25
Am I now
outboundupper x=2230,y=4007
outboundlower x=-38,y=-25
newsize=2683,4283
newimage width=2683, height=4283
offsetposition=38,25
eresult=0
newimage width=2683, height=4283
offsetposition=38,25
eresult=0
newimage width=2683, height=4283
offsetposition=38,25
eresult=0
newimage width=2683, height=4283
offsetposition=38,25
eresult=0
newimage width=2683, height=4283
offsetposition=38,25
eresult=0
anothergo0
test
Last test bis
test
2683,4283
filename=testimage/orion_11.jpg
filename=testimage/orion_12.jpg
convert s/f status=0
iSum status=0
cudaerr=0
Filter status=0
